2019-12-17 16:46:37-warn: Recovery window failed: C:\Users\Administrator\.CocosEditor3D\editor\window.json read error.
2019-12-17 16:46:37-warn: TypeError: (intermediate value)(intermediate value).forEach is not a function
2019-12-17 16:46:38-log: preferences@1.0.0 enable
2019-12-17 16:46:39-log: engine@1.0.0 enable
2019-12-17 16:46:39-log: asset-db@1.0.0 enable
2019-12-17 16:46:39-log: console@1.0.0 enable
2019-12-17 16:46:39-log: scene@1.0.0 enable
2019-12-17 16:46:39-log: ui-kit@1.0.0 enable
2019-12-17 16:46:39-log: assets@1.0.0 enable
2019-12-17 16:46:39-log: inspector@1.0.0 enable
2019-12-17 16:46:39-log: hierarchy@1.0.0 enable
2019-12-17 16:46:39-log: packager@1.0.0 enable
2019-12-17 16:46:39-log: project-setting@1.0.0 enable
2019-12-17 16:46:40-log: preview@1.0.0 enable
2019-12-17 16:46:40-info: [Window] Download the Vue Devtools extension for a better development experience:
https://github.com/vuejs/vue-devtools
2019-12-17 16:46:40-log: builder@1.0.0 enable
2019-12-17 16:46:40-log: animator@1.0.0 enable
2019-12-17 16:46:40-log: about@1.0.0 enable
2019-12-17 16:46:40-log: tester@1.0.0 enable
2019-12-17 16:46:40-log: ipc@1.0.0 enable
2019-12-17 16:46:40-log: profile@1.0.0 enable
2019-12-17 17:17:44-log: [Window] 执行了预备复制
2019-12-17 17:17:44-log: [Window] 执行了复制中的粘贴
2019-12-17 17:22:15-log: [Window] 执行了预备复制
2019-12-17 17:22:16-log: [Window] 执行了复制中的粘贴
2019-12-17 17:22:18-log: [Window] 执行了复制中的粘贴
2019-12-17 17:22:23-log: [Window] 执行了复制中的粘贴
2019-12-17 17:22:24-log: [Window] 执行了复制中的粘贴
2019-12-17 17:22:25-log: [Window] 执行了复制中的粘贴
2019-12-17 17:29:41-log: [Window] 执行了预备复制
2019-12-17 17:29:44-log: [Window] 执行了复制中的粘贴
2019-12-17 17:31:51-info: asset(E:\workCode\example\demo-curved-fordoc\assets\prefab\modeRoot.prefab) saved
2019-12-17 17:32:24-info: asset(E:\workCode\example\demo-curved-fordoc\assets\prefab\modeRoot.prefab) saved
2019-12-17 17:36:59-info: asset(E:\workCode\example\demo-curved-fordoc\assets\prefab\modeRoot.prefab) saved
2019-12-17 17:38:10-info: asset(E:\workCode\example\demo-curved-fordoc\assets\material\road.mtl) saved
2019-12-17 17:38:29-info: asset(E:\workCode\example\demo-curved-fordoc\assets\material\road.mtl) saved
2019-12-17 17:38:54-info: asset(E:\workCode\example\demo-curved-fordoc\assets\material\build.mtl) saved
2019-12-17 17:44:00-info: asset(E:\workCode\example\demo-curved-fordoc\assets\prefab\modeRoot.prefab) saved
2019-12-17 17:46:16-info: asset(E:\workCode\example\demo-curved-fordoc\assets\MainScene.scene) saved
2019-12-17 17:46:49-info: asset(E:\workCode\example\demo-curved-fordoc\assets\MainScene.scene) saved
2019-12-17 17:47:01-info: asset(E:\workCode\example\demo-curved-fordoc\assets\MainScene.scene) saved
2019-12-17 17:47:08-info: asset(E:\workCode\example\demo-curved-fordoc\assets\MainScene.scene) saved
2019-12-17 17:47:15-info: asset(E:\workCode\example\demo-curved-fordoc\assets\MainScene.scene) saved
2019-12-17 17:59:46-error: [Scene] TypeError: Cannot read property 'contentSize' of null
2019-12-17 18:04:45-info: asset(E:\workCode\example\demo-curved-fordoc\assets\MainScene.scene) saved
2019-12-17 18:04:45-info: asset(E:\workCode\example\demo-curved-fordoc\assets\MainScene.scene) saved
2019-12-17 18:04:45-info: asset(E:\workCode\example\demo-curved-fordoc\assets\MainScene.scene) saved
2019-12-17 18:06:24-info: asset(E:\workCode\example\demo-curved-fordoc\assets\MainScene.scene) saved
2019-12-17 18:06:24-info: asset(E:\workCode\example\demo-curved-fordoc\assets\MainScene.scene) saved
2019-12-17 18:06:24-info: asset(E:\workCode\example\demo-curved-fordoc\assets\MainScene.scene) saved
2019-12-17 18:06:25-info: asset(E:\workCode\example\demo-curved-fordoc\assets\MainScene.scene) saved
2019-12-17 18:08:00-info: asset(E:\workCode\example\demo-curved-fordoc\assets\prefab\modeRoot.prefab) saved
2019-12-17 18:08:01-info: asset(E:\workCode\example\demo-curved-fordoc\assets\prefab\modeRoot.prefab) saved
2019-12-17 18:08:01-info: asset(E:\workCode\example\demo-curved-fordoc\assets\prefab\modeRoot.prefab) saved
2019-12-17 18:08:02-info: asset(E:\workCode\example\demo-curved-fordoc\assets\prefab\modeRoot.prefab) saved
2019-12-17 18:08:02-info: asset(E:\workCode\example\demo-curved-fordoc\assets\prefab\modeRoot.prefab) saved
2019-12-17 18:08:03-info: asset(E:\workCode\example\demo-curved-fordoc\assets\prefab\modeRoot.prefab) saved
2019-12-17 18:34:53-info: asset(E:\workCode\example\demo-curved-fordoc\assets\material\road.mtl) saved
2019-12-17 18:35:07-info: asset(E:\workCode\example\demo-curved-fordoc\assets\material\road.mtl) saved
2019-12-17 18:35:13-info: asset(E:\workCode\example\demo-curved-fordoc\assets\material\road.mtl) saved
2019-12-17 18:35:48-info: asset(E:\workCode\example\demo-curved-fordoc\assets\material\build.mtl) saved
2019-12-17 18:36:08-info: asset(E:\workCode\example\demo-curved-fordoc\assets\material\road.mtl) saved
2019-12-17 18:36:13-info: asset(E:\workCode\example\demo-curved-fordoc\assets\material\road.mtl) saved
2019-12-17 18:36:18-info: asset(E:\workCode\example\demo-curved-fordoc\assets\material\road.mtl) saved
2019-12-17 18:36:23-info: asset(E:\workCode\example\demo-curved-fordoc\assets\material\build.mtl) saved
2019-12-17 16:46:37-warn: Recovery window failed: C:\Users\Administrator\.CocosEditor3D\editor\window.json read error.
2019-12-17 16:46:37-warn: TypeError: (intermediate value)(intermediate value).forEach is not a function
2019-12-17 16:46:38-log: preferences@1.0.0 enable
2019-12-17 16:46:39-log: engine@1.0.0 enable
2019-12-17 16:46:39-log: asset-db@1.0.0 enable
2019-12-17 16:46:39-log: console@1.0.0 enable
2019-12-17 16:46:39-log: scene@1.0.0 enable
2019-12-17 16:46:39-log: ui-kit@1.0.0 enable
2019-12-17 16:46:39-log: assets@1.0.0 enable
2019-12-17 16:46:39-log: inspector@1.0.0 enable
2019-12-17 16:46:39-log: hierarchy@1.0.0 enable
2019-12-17 16:46:39-log: packager@1.0.0 enable
2019-12-17 16:46:39-log: project-setting@1.0.0 enable
2019-12-17 16:46:40-log: preview@1.0.0 enable
2019-12-17 16:46:40-info: [Window] Download the Vue Devtools extension for a better development experience:
https://github.com/vuejs/vue-devtools
2019-12-17 16:46:40-log: builder@1.0.0 enable
2019-12-17 16:46:40-log: animator@1.0.0 enable
2019-12-17 16:46:40-log: about@1.0.0 enable
2019-12-17 16:46:40-log: tester@1.0.0 enable
2019-12-17 16:46:40-log: ipc@1.0.0 enable
2019-12-17 16:46:40-log: profile@1.0.0 enable
2019-12-17 17:17:44-log: [Window] 执行了预备复制
2019-12-17 17:17:44-log: [Window] 执行了复制中的粘贴
2019-12-17 17:22:15-log: [Window] 执行了预备复制
2019-12-17 17:22:16-log: [Window] 执行了复制中的粘贴
2019-12-17 17:22:18-log: [Window] 执行了复制中的粘贴
2019-12-17 17:22:23-log: [Window] 执行了复制中的粘贴
2019-12-17 17:22:24-log: [Window] 执行了复制中的粘贴
2019-12-17 17:22:25-log: [Window] 执行了复制中的粘贴
2019-12-17 17:29:41-log: [Window] 执行了预备复制
2019-12-17 17:29:44-log: [Window] 执行了复制中的粘贴
2019-12-17 17:31:51-info: asset(E:\workCode\example\demo-curved-fordoc\assets\prefab\modeRoot.prefab) saved
2019-12-17 17:32:24-info: asset(E:\workCode\example\demo-curved-fordoc\assets\prefab\modeRoot.prefab) saved
2019-12-17 17:36:59-info: asset(E:\workCode\example\demo-curved-fordoc\assets\prefab\modeRoot.prefab) saved
2019-12-17 17:38:10-info: asset(E:\workCode\example\demo-curved-fordoc\assets\material\road.mtl) saved
2019-12-17 17:38:29-info: asset(E:\workCode\example\demo-curved-fordoc\assets\material\road.mtl) saved
2019-12-17 17:38:54-info: asset(E:\workCode\example\demo-curved-fordoc\assets\material\build.mtl) saved
2019-12-17 17:44:00-info: asset(E:\workCode\example\demo-curved-fordoc\assets\prefab\modeRoot.prefab) saved
2019-12-17 17:46:16-info: asset(E:\workCode\example\demo-curved-fordoc\assets\MainScene.scene) saved
2019-12-17 17:46:49-info: asset(E:\workCode\example\demo-curved-fordoc\assets\MainScene.scene) saved
2019-12-17 17:47:01-info: asset(E:\workCode\example\demo-curved-fordoc\assets\MainScene.scene) saved
2019-12-17 17:47:08-info: asset(E:\workCode\example\demo-curved-fordoc\assets\MainScene.scene) saved
2019-12-17 17:47:15-info: asset(E:\workCode\example\demo-curved-fordoc\assets\MainScene.scene) saved
2019-12-17 17:59:46-error: [Scene] TypeError: Cannot read property 'contentSize' of null
2019-12-17 18:04:45-info: asset(E:\workCode\example\demo-curved-fordoc\assets\MainScene.scene) saved
2019-12-17 18:04:45-info: asset(E:\workCode\example\demo-curved-fordoc\assets\MainScene.scene) saved
2019-12-17 18:04:45-info: asset(E:\workCode\example\demo-curved-fordoc\assets\MainScene.scene) saved
2019-12-17 18:06:24-info: asset(E:\workCode\example\demo-curved-fordoc\assets\MainScene.scene) saved
2019-12-17 18:06:24-info: asset(E:\workCode\example\demo-curved-fordoc\assets\MainScene.scene) saved
2019-12-17 18:06:24-info: asset(E:\workCode\example\demo-curved-fordoc\assets\MainScene.scene) saved
2019-12-17 18:06:25-info: asset(E:\workCode\example\demo-curved-fordoc\assets\MainScene.scene) saved
2019-12-17 18:08:00-info: asset(E:\workCode\example\demo-curved-fordoc\assets\prefab\modeRoot.prefab) saved
2019-12-17 18:08:01-info: asset(E:\workCode\example\demo-curved-fordoc\assets\prefab\modeRoot.prefab) saved
2019-12-17 18:08:01-info: asset(E:\workCode\example\demo-curved-fordoc\assets\prefab\modeRoot.prefab) saved
2019-12-17 18:08:02-info: asset(E:\workCode\example\demo-curved-fordoc\assets\prefab\modeRoot.prefab) saved
2019-12-17 18:08:02-info: asset(E:\workCode\example\demo-curved-fordoc\assets\prefab\modeRoot.prefab) saved
2019-12-17 18:08:03-info: asset(E:\workCode\example\demo-curved-fordoc\assets\prefab\modeRoot.prefab) saved
2019-12-17 18:34:53-info: asset(E:\workCode\example\demo-curved-fordoc\assets\material\road.mtl) saved
2019-12-17 18:35:07-info: asset(E:\workCode\example\demo-curved-fordoc\assets\material\road.mtl) saved
2019-12-17 18:35:13-info: asset(E:\workCode\example\demo-curved-fordoc\assets\material\road.mtl) saved
2019-12-17 18:35:48-info: asset(E:\workCode\example\demo-curved-fordoc\assets\material\build.mtl) saved
2019-12-17 18:36:08-info: asset(E:\workCode\example\demo-curved-fordoc\assets\material\road.mtl) saved
2019-12-17 18:36:13-info: asset(E:\workCode\example\demo-curved-fordoc\assets\material\road.mtl) saved
2019-12-17 18:36:18-info: asset(E:\workCode\example\demo-curved-fordoc\assets\material\road.mtl) saved
2019-12-17 18:36:23-info: asset(E:\workCode\example\demo-curved-fordoc\assets\material\build.mtl) saved
2019-12-17 18:36:36-error: [Scene] Error: Module [Scene] does not exist.(Method: dump)
2019-12-17 18:36:36-warn: [Scene] Sender does not exist
2019-12-17 18:40:16-info: asset(E:\workCode\example\demo-curved-fordoc\assets\material\build.mtl) saved
2019-12-17 18:40:22-info: asset(E:\workCode\example\demo-curved-fordoc\assets\material\road.mtl) saved
